<?xml version="1.0" encoding="UTF-8"?>
<testng-results ignored="0" total="2" passed="2" failed="0" skipped="0">
  <reporter-output>
  </reporter-output>
  <suite started-at="2021-03-18T16:13:00 IST" name="Default suite" finished-at="2021-03-18T16:13:28 IST" duration-ms="27812">
    <groups>
    </groups>
    <test started-at="2021-03-18T16:13:00 IST" name="Default test" finished-at="2021-03-18T16:13:28 IST" duration-ms="27812">
      <class name="com.sumit.testng.Test_1">
        <test-method is-config="true" signature="StartSeleniumServer()[pri:0, instance:com.sumit.testng.Test_1@67c33749]" started-at="2021-03-18T16:13:00 IST" name="StartSeleniumServer" finished-at="2021-03-18T16:13:00 IST" duration-ms="13" status="PASS">
          <reporter-output>
          </reporter-output>
        </test-method> <!-- StartSeleniumServer -->
        <test-method is-config="true" signature="OpenDBconnection()[pri:0, instance:com.sumit.testng.Test_1@67c33749]" started-at="2021-03-18T16:13:00 IST" name="OpenDBconnection" finished-at="2021-03-18T16:13:00 IST" duration-ms="3" status="PASS">
          <reporter-output>
          </reporter-output>
        </test-method> <!-- OpenDBconnection -->
        <test-method is-config="true" signature="setUp()[pri:0, instance:com.sumit.testng.Test_1@67c33749]" started-at="2021-03-18T16:13:00 IST" name="setUp" finished-at="2021-03-18T16:13:28 IST" duration-ms="27750" status="PASS">
          <reporter-output>
          </reporter-output>
        </test-method> <!-- setUp -->
        <test-method is-config="true" signature="OpenBrowser()[pri:0, instance:com.sumit.testng.Test_1@67c33749]" started-at="2021-03-18T16:13:28 IST" name="OpenBrowser" finished-at="2021-03-18T16:13:28 IST" duration-ms="0" status="PASS">
          <reporter-output>
          </reporter-output>
        </test-method> <!-- OpenBrowser -->
        <test-method signature="testFormFill()[pri:0, instance:com.sumit.testng.Test_1@67c33749]" started-at="2021-03-18T16:13:28 IST" name="testFormFill" finished-at="2021-03-18T16:13:28 IST" duration-ms="10" status="PASS">
          <reporter-output>
          </reporter-output>
        </test-method> <!-- testFormFill -->
        <test-method is-config="true" signature="ClosingBrowser()[pri:0, instance:com.sumit.testng.Test_1@67c33749]" started-at="2021-03-18T16:13:28 IST" name="ClosingBrowser" finished-at="2021-03-18T16:13:28 IST" duration-ms="1" status="PASS">
          <reporter-output>
          </reporter-output>
        </test-method> <!-- ClosingBrowser -->
        <test-method is-config="true" signature="OpenBrowser()[pri:0, instance:com.sumit.testng.Test_1@67c33749]" started-at="2021-03-18T16:13:28 IST" name="OpenBrowser" finished-at="2021-03-18T16:13:28 IST" duration-ms="1" status="PASS">
          <reporter-output>
          </reporter-output>
        </test-method> <!-- OpenBrowser -->
        <test-method signature="testLogin()[pri:0, instance:com.sumit.testng.Test_1@67c33749]" started-at="2021-03-18T16:13:28 IST" name="testLogin" finished-at="2021-03-18T16:13:28 IST" duration-ms="2" status="PASS">
          <reporter-output>
          </reporter-output>
        </test-method> <!-- testLogin -->
        <test-method is-config="true" signature="ClosingBrowser()[pri:0, instance:com.sumit.testng.Test_1@67c33749]" started-at="2021-03-18T16:13:28 IST" name="ClosingBrowser" finished-at="2021-03-18T16:13:28 IST" duration-ms="0" status="PASS">
          <reporter-output>
          </reporter-output>
        </test-method> <!-- ClosingBrowser -->
        <test-method is-config="true" signature="CloseDBconnection()[pri:0, instance:com.sumit.testng.Test_1@67c33749]" started-at="2021-03-18T16:13:28 IST" name="CloseDBconnection" finished-at="2021-03-18T16:13:28 IST" duration-ms="0" status="PASS">
          <reporter-output>
          </reporter-output>
        </test-method> <!-- CloseDBconnection -->
        <test-method is-config="true" signature="ClosedSeleniumServer()[pri:0, instance:com.sumit.testng.Test_1@67c33749]" started-at="2021-03-18T16:13:28 IST" name="ClosedSeleniumServer" finished-at="2021-03-18T16:13:28 IST" duration-ms="1" status="PASS">
          <reporter-output>
          </reporter-output>
        </test-method> <!-- ClosedSeleniumServer -->
      </class> <!-- com.sumit.testng.Test_1 -->
    </test> <!-- Default test -->
  </suite> <!-- Default suite -->
</testng-results>
